2026-07-02 09:07:53,447 INFO o.a.j.u.JMeterUtils: Setting Locale to en_EN
2026-07-02 09:07:53,456 INFO o.a.j.JMeter: Loading user properties from: E:\JMeter\apache-jmeter-5.6.3\apache-jmeter-5.6.3\bin\user.properties
2026-07-02 09:07:53,456 INFO o.a.j.JMeter: Loading system properties from: E:\JMeter\apache-jmeter-5.6.3\apache-jmeter-5.6.3\bin\system.properties
2026-07-02 09:07:53,461 INFO o.a.j.JMeter: Copyright (c) 1998-2024 The Apache Software Foundation
2026-07-02 09:07:53,461 INFO o.a.j.JMeter: Version 5.6.3
2026-07-02 09:07:53,461 INFO o.a.j.JMeter: java.version=1.8.0_401
2026-07-02 09:07:53,461 INFO o.a.j.JMeter: java.vm.name=Java HotSpot(TM) 64-Bit Server VM
2026-07-02 09:07:53,461 INFO o.a.j.JMeter: os.name=Windows 11
2026-07-02 09:07:53,461 INFO o.a.j.JMeter: os.arch=amd64
2026-07-02 09:07:53,461 INFO o.a.j.JMeter: os.version=10.0
2026-07-02 09:07:53,461 INFO o.a.j.JMeter: file.encoding=Cp1250
2026-07-02 09:07:53,461 INFO o.a.j.JMeter: java.awt.headless=true
2026-07-02 09:07:53,461 INFO o.a.j.JMeter: Max memory     =1073741824
2026-07-02 09:07:53,461 INFO o.a.j.JMeter: Available Processors =16
2026-07-02 09:07:53,464 INFO o.a.j.JMeter: Default Locale=English (EN)
2026-07-02 09:07:53,464 INFO o.a.j.JMeter: JMeter  Locale=English (EN)
2026-07-02 09:07:53,465 INFO o.a.j.JMeter: JMeterHome=E:\JMeter\apache-jmeter-5.6.3\apache-jmeter-5.6.3
2026-07-02 09:07:53,465 INFO o.a.j.JMeter: user.dir  =C:\Users\irjat\PycharmProjects\Performance Testing
2026-07-02 09:07:53,465 INFO o.a.j.JMeter: PWD       =C:\Users\irjat\PycharmProjects\Performance Testing
2026-07-02 09:07:53,466 INFO o.a.j.JMeter: IP: 192.168.0.197 Name: Kopasz FullName: host.docker.internal
2026-07-02 09:07:53,479 INFO o.a.j.JMeter: Setting property 'jmeter.reportgenerator.outputdir' to:'C:\Users\irjat\PycharmProjects\Performance Testing\reports\load_test_html'
2026-07-02 09:07:53,482 INFO o.a.j.r.d.ReportGenerator: ReportGenerator will use for Parsing the separator: ','
2026-07-02 09:07:53,482 INFO o.a.j.r.d.ReportGenerator: Will only generate report from results file: results/result_load_test_20260702085747.jtl
2026-07-02 09:07:53,482 INFO o.a.j.r.d.ReportGenerator: Reading report generator properties from: E:\JMeter\apache-jmeter-5.6.3\apache-jmeter-5.6.3\bin\reportgenerator.properties
2026-07-02 09:07:53,482 INFO o.a.j.r.d.ReportGenerator: Merging with JMeter properties
2026-07-02 09:07:53,485 INFO o.a.j.r.c.ReportGeneratorConfiguration: Property 'jmeter.reportgenerator.temp_dir' not found, using default value 'temp' instead.
2026-07-02 09:07:53,487 INFO o.a.j.r.c.ReportGeneratorConfiguration: Property 'jmeter.reportgenerator.apdex_per_transaction' not found, using default value 'null' instead.
2026-07-02 09:07:53,491 INFO o.a.j.r.c.ReportGeneratorConfiguration: apdex_per_transaction is empty, not APDEX per transaction customization
2026-07-02 09:07:53,492 INFO o.a.j.r.c.ReportGeneratorConfiguration: Property 'jmeter.reportgenerator.sample_filter' not found, using default value 'null' instead.
2026-07-02 09:07:53,492 INFO o.a.j.r.c.ReportGeneratorConfiguration: Property 'jmeter.reportgenerator.report_title' not found, using default value 'null' instead.
2026-07-02 09:07:53,492 INFO o.a.j.r.c.ReportGeneratorConfiguration: Property 'jmeter.reportgenerator.start_date' not found, using default value 'null' instead.
2026-07-02 09:07:53,492 INFO o.a.j.r.c.ReportGeneratorConfiguration: Property 'jmeter.reportgenerator.end_date' not found, using default value 'null' instead.
2026-07-02 09:07:53,492 INFO o.a.j.r.c.ReportGeneratorConfiguration: Property 'jmeter.reportgenerator.date_format' not found, using default value 'null' instead.
2026-07-02 09:07:53,492 INFO o.a.j.r.c.ReportGeneratorConfiguration: Will use date range start date: null, end date: null
2026-07-02 09:07:53,495 INFO o.a.j.r.c.ReportGeneratorConfiguration: Property 'jmeter.reportgenerator.graph.totalTPS.exclude_controllers' not found, using default value 'false' instead.
2026-07-02 09:07:53,495 INFO o.a.j.r.c.ReportGeneratorConfiguration: Property 'jmeter.reportgenerator.graph.activeThreadsOverTime.exclude_controllers' not found, using default value 'false' instead.
2026-07-02 09:07:53,495 INFO o.a.j.r.c.ReportGeneratorConfiguration: Property 'jmeter.reportgenerator.graph.timeVsThreads.exclude_controllers' not found, using default value 'false' instead.
2026-07-02 09:07:53,495 INFO o.a.j.r.c.ReportGeneratorConfiguration: Property 'jmeter.reportgenerator.graph.responseTimeDistribution.exclude_controllers' not found, using default value 'false' instead.
2026-07-02 09:07:53,495 INFO o.a.j.r.c.ReportGeneratorConfiguration: Property 'jmeter.reportgenerator.graph.transactionsPerSecond.exclude_controllers' not found, using default value 'false' instead.
2026-07-02 09:07:53,496 INFO o.a.j.r.c.ReportGeneratorConfiguration: Property 'jmeter.reportgenerator.graph.responseTimePercentiles.exclude_controllers' not found, using default value 'false' instead.
2026-07-02 09:07:53,496 INFO o.a.j.r.c.ReportGeneratorConfiguration: Property 'jmeter.reportgenerator.graph.responseTimePercentilesOverTime.exclude_controllers' not found, using default value 'false' instead.
2026-07-02 09:07:53,496 INFO o.a.j.r.c.ReportGeneratorConfiguration: Property 'jmeter.reportgenerator.graph.responseTimesOverTime.exclude_controllers' not found, using default value 'false' instead.
2026-07-02 09:07:53,496 INFO o.a.j.r.c.ReportGeneratorConfiguration: Property 'jmeter.reportgenerator.graph.connectTimeOverTime.exclude_controllers' not found, using default value 'false' instead.
2026-07-02 09:07:53,496 INFO o.a.j.r.c.ReportGeneratorConfiguration: Property 'jmeter.reportgenerator.graph.latenciesOverTime.exclude_controllers' not found, using default value 'false' instead.
2026-07-02 09:07:53,497 INFO o.a.j.r.c.ReportGeneratorConfiguration: Property 'jmeter.reportgenerator.exporter.json.filters_only_sample_series' not found, using default value 'true' instead.
2026-07-02 09:07:53,497 INFO o.a.j.r.c.ReportGeneratorConfiguration: Property 'jmeter.reportgenerator.exporter.json.series_filter' not found, using default value '' instead.
2026-07-02 09:07:53,497 INFO o.a.j.r.c.ReportGeneratorConfiguration: Property 'jmeter.reportgenerator.exporter.json.show_controllers_only' not found, using default value 'false' instead.
2026-07-02 09:07:53,497 INFO o.a.j.r.c.ReportGeneratorConfiguration: Property 'jmeter.reportgenerator.exporter.html.filters_only_sample_series' not found, using default value 'true' instead.
2026-07-02 09:07:53,497 INFO o.a.j.r.c.ReportGeneratorConfiguration: Property 'jmeter.reportgenerator.exporter.html.series_filter' not found, using default value '' instead.
2026-07-02 09:07:53,497 INFO o.a.j.r.c.ReportGeneratorConfiguration: Property 'jmeter.reportgenerator.exporter.html.show_controllers_only' not found, using default value 'false' instead.
2026-07-02 09:07:53,584 INFO o.a.j.s.SaveService: Testplan (JMX) version: 2.2. Testlog (JTL) version: 2.2
2026-07-02 09:07:53,601 INFO o.a.j.s.SaveService: Using SaveService properties file encoding UTF-8
2026-07-02 09:07:53,605 INFO o.a.j.s.SaveService: Using SaveService properties version 5.0
2026-07-02 09:07:53,629 INFO o.a.j.r.p.NormalizerSampleConsumer: Using format, 'ms', to parse timeStamp field
2026-07-02 09:08:02,458 INFO o.a.j.r.p.AbstractSampleConsumer: class org.apache.jmeter.report.processor.AggregateConsumer#stopProducing(): beginDate produced 0 samples
2026-07-02 09:08:02,458 INFO o.a.j.r.p.AbstractSampleConsumer: class org.apache.jmeter.report.processor.AggregateConsumer#stopProducing(): endDate produced 0 samples
2026-07-02 09:08:02,460 INFO o.a.j.r.p.AbstractSampleConsumer: class org.apache.jmeter.report.processor.ApdexSummaryConsumer#stopProducing(): apdexSummary produced 0 samples
2026-07-02 09:08:02,460 INFO o.a.j.r.p.AbstractSampleConsumer: class org.apache.jmeter.report.processor.RequestsSummaryConsumer#stopProducing(): requestsSummary produced 0 samples
2026-07-02 09:08:02,468 INFO o.a.j.r.p.AbstractSampleConsumer: class org.apache.jmeter.report.processor.StatisticsSummaryConsumer#stopProducing(): statisticsSummary produced 0 samples
2026-07-02 09:08:02,475 INFO o.a.j.r.p.AbstractSampleConsumer: class org.apache.jmeter.report.processor.Top5ErrorsBySamplerConsumer#stopProducing(): top5ErrorsBySampler produced 0 samples
2026-07-02 09:08:02,476 INFO o.a.j.r.p.AbstractSampleConsumer: class org.apache.jmeter.report.processor.ErrorsSummaryConsumer#stopProducing(): errorsSummary produced 0 samples
2026-07-02 09:08:02,476 INFO o.a.j.r.p.AbstractSampleConsumer: class org.apache.jmeter.report.processor.graph.impl.HitsPerSecondGraphConsumer#stopProducing(): hitsPerSecond produced 0 samples
2026-07-02 09:08:03,687 INFO o.a.j.r.p.AbstractSampleConsumer: class org.apache.jmeter.report.processor.graph.impl.LatencyVSRequestGraphConsumer#stopProducing(): latencyVsRequest produced 0 samples
2026-07-02 09:08:03,699 INFO o.a.j.r.p.AbstractSampleConsumer: class org.apache.jmeter.report.processor.graph.impl.SyntheticResponseTimeDistributionGraphConsumer#stopProducing(): syntheticResponseTimeDistribution produced 0 samples
2026-07-02 09:08:03,699 INFO o.a.j.r.p.AbstractSampleConsumer: class org.apache.jmeter.report.processor.graph.impl.BytesThroughputGraphConsumer#stopProducing(): bytesThroughputOverTime produced 0 samples
2026-07-02 09:08:03,699 INFO o.a.j.r.p.AbstractSampleConsumer: class org.apache.jmeter.report.processor.graph.impl.CodesPerSecondGraphConsumer#stopProducing(): codesPerSecond produced 0 samples
2026-07-02 09:08:04,879 INFO o.a.j.r.p.AbstractSampleConsumer: class org.apache.jmeter.report.processor.graph.impl.ResponseTimeVSRequestGraphConsumer#stopProducing(): responseTimeVsRequest produced 0 samples
2026-07-02 09:08:04,885 INFO o.a.j.r.p.AbstractSampleConsumer: class org.apache.jmeter.report.processor.FilterConsumer#stopProducing(): startIntervalControlerFilter produced 5006197 samples
2026-07-02 09:08:04,885 INFO o.a.j.r.p.AbstractSampleConsumer: class org.apache.jmeter.report.processor.graph.impl.TotalTPSGraphConsumer#stopProducing(): totalTPS produced 0 samples
2026-07-02 09:08:04,886 INFO o.a.j.r.p.AbstractSampleConsumer: class org.apache.jmeter.report.processor.graph.impl.ActiveThreadsGraphConsumer#stopProducing(): activeThreadsOverTime produced 0 samples
2026-07-02 09:08:04,886 INFO o.a.j.r.p.AbstractSampleConsumer: class org.apache.jmeter.report.processor.graph.impl.TimeVSThreadGraphConsumer#stopProducing(): timeVsThreads produced 0 samples
2026-07-02 09:08:04,886 INFO o.a.j.r.p.AbstractSampleConsumer: class org.apache.jmeter.report.processor.graph.impl.ResponseTimeDistributionGraphConsumer#stopProducing(): responseTimeDistribution produced 0 samples
2026-07-02 09:08:04,886 INFO o.a.j.r.p.AbstractSampleConsumer: class org.apache.jmeter.report.processor.graph.impl.TransactionsPerSecondGraphConsumer#stopProducing(): transactionsPerSecond produced 0 samples
2026-07-02 09:08:04,886 INFO o.a.j.r.p.AbstractSampleConsumer: class org.apache.jmeter.report.processor.graph.impl.ResponseTimePercentilesGraphConsumer#stopProducing(): responseTimePercentiles produced 0 samples
2026-07-02 09:08:04,887 INFO o.a.j.r.p.AbstractSampleConsumer: class org.apache.jmeter.report.processor.graph.impl.ResponseTimePercentilesOverTimeGraphConsumer#stopProducing(): responseTimePercentilesOverTime produced 0 samples
2026-07-02 09:08:04,892 INFO o.a.j.r.p.AbstractSampleConsumer: class org.apache.jmeter.report.processor.graph.impl.ResponseTimeOverTimeGraphConsumer#stopProducing(): responseTimesOverTime produced 0 samples
2026-07-02 09:08:04,892 INFO o.a.j.r.p.AbstractSampleConsumer: class org.apache.jmeter.report.processor.graph.impl.ConnectTimeOverTimeGraphConsumer#stopProducing(): connectTimeOverTime produced 0 samples
2026-07-02 09:08:04,892 INFO o.a.j.r.p.AbstractSampleConsumer: class org.apache.jmeter.report.processor.graph.impl.LatencyOverTimeGraphConsumer#stopProducing(): latenciesOverTime produced 0 samples
2026-07-02 09:08:04,892 INFO o.a.j.r.p.AbstractSampleConsumer: class org.apache.jmeter.report.processor.FilterConsumer#stopProducing(): nameFilter produced 10727565 samples
2026-07-02 09:08:04,893 INFO o.a.j.r.p.AbstractSampleConsumer: class org.apache.jmeter.report.processor.FilterConsumer#stopProducing(): dateRangeFilter produced 2145513 samples
2026-07-02 09:08:04,893 INFO o.a.j.r.p.AbstractSampleConsumer: class org.apache.jmeter.report.processor.NormalizerSampleConsumer#stopProducing(): normalizer produced 715171 samples
2026-07-02 09:08:04,893 INFO o.a.j.r.p.CsvFileSampleSource: produce(): 715171 samples produced in 11s 245 ms on channel 0
2026-07-02 09:08:04,893 INFO o.a.j.r.d.ReportGenerator: Exporting data using exporter:'json' of className:'org.apache.jmeter.report.dashboard.JsonExporter'
2026-07-02 09:08:04,961 INFO o.a.j.r.d.JsonExporter: Found data for consumer statisticsSummary in context
2026-07-02 09:08:04,961 INFO o.a.j.r.d.JsonExporter: Creating statistics for overall
2026-07-02 09:08:04,961 INFO o.a.j.r.d.JsonExporter: Creating statistics for other transactions
2026-07-02 09:08:04,962 INFO o.a.j.r.d.JsonExporter: Checking output folder
2026-07-02 09:08:04,962 INFO o.a.j.r.d.JsonExporter: Writing statistics JSON to C:\Users\irjat\PycharmProjects\Performance Testing\reports\load_test_html\statistics.json
2026-07-02 09:08:04,994 INFO o.a.j.r.d.ReportGenerator: Exporting data using exporter:'html' of className:'org.apache.jmeter.report.dashboard.HtmlTemplateExporter'
2026-07-02 09:08:04,996 INFO o.a.j.r.d.HtmlTemplateExporter: Will generate dashboard in folder: C:\Users\irjat\PycharmProjects\Performance Testing\reports\load_test_html
2026-07-02 09:08:05,077 INFO o.a.j.r.d.HtmlTemplateExporter: Report will be generated in: C:\Users\irjat\PycharmProjects\Performance Testing\reports\load_test_html, creating folder structure
2026-07-02 09:08:05,079 INFO o.a.j.r.d.TemplateVisitor: Copying folder from 'E:\JMeter\apache-jmeter-5.6.3\apache-jmeter-5.6.3\bin\report-template' to 'C:\Users\irjat\PycharmProjects\Performance Testing\reports\load_test_html', got message: C:\Users\irjat\PycharmProjects\Performance Testing\reports\load_test_html, found non empty folder with following content [C:\Users\irjat\PycharmProjects\Performance Testing\reports\load_test_html\statistics.json], will be ignored
